  context.c
  egl_context.c
c1 : fatal error C1083: Datei (Quelle) kann nicht geöffnet werden: "..\src\context.c": No such file or directory
  init.c
c1 : fatal error C1083: Datei (Quelle) kann nicht geöffnet werden: "..\src\egl_context.c": No such file or directory
  input.c
c1 : fatal error C1083: Datei (Quelle) kann nicht geöffnet werden: "..\src\init.c": No such file or directory
  monitor.c
c1 : fatal error C1083: Datei (Quelle) kann nicht geöffnet werden: "..\src\input.c": No such file or directory
  osmesa_context.c
c1 : fatal error C1083: Datei (Quelle) kann nicht geöffnet werden: "..\src\monitor.c": No such file or directory
  vulkan.c
c1 : fatal error C1083: Datei (Quelle) kann nicht geöffnet werden: "..\src\osmesa_context.c": No such file or directory
  wgl_context.c
c1 : fatal error C1083: Datei (Quelle) kann nicht geöffnet werden: "..\src\vulkan.c": No such file or directory
  win32_init.c
c1 : fatal error C1083: Datei (Quelle) kann nicht geöffnet werden: "..\src\wgl_context.c": No such file or directory
  win32_joystick.c
c1 : fatal error C1083: Datei (Quelle) kann nicht geöffnet werden: "..\src\win32_init.c": No such file or directory
  win32_monitor.c
c1 : fatal error C1083: Datei (Quelle) kann nicht geöffnet werden: "..\src\win32_joystick.c": No such file or directory
  win32_thread.c
c1 : fatal error C1083: Datei (Quelle) kann nicht geöffnet werden: "..\src\win32_monitor.c": No such file or directory
  win32_time.c
c1 : fatal error C1083: Datei (Quelle) kann nicht geöffnet werden: "..\src\win32_thread.c": No such file or directory
  win32_window.c
c1 : fatal error C1083: Datei (Quelle) kann nicht geöffnet werden: "..\src\win32_time.c": No such file or directory
  window.c
c1 : fatal error C1083: Datei (Quelle) kann nicht geöffnet werden: "..\src\win32_window.c": No such file or directory
  Code wird generiert...
c1 : fatal error C1083: Datei (Quelle) kann nicht geöffnet werden: "..\src\window.c": No such file or directory
